{"numFailedTestSuites":0,"numFailedTests":0,"numPassedTestSuites":1,"numPassedTests":2,"numPendingTestSuites":0,"numPendingTests":0,"numRuntimeErrorTestSuites":0,"numTodoTests":0,"numTotalTestSuites":1,"numTotalTests":2,"openHandles":[],"snapshot":{"added":0,"didUpdate":false,"failure":false,"filesAdded":0,"filesRemoved":0,"filesRemovedList":[],"filesUnmatched":0,"filesUpdated":0,"matched":0,"total":0,"unchecked":0,"uncheckedKeysByFile":[],"unmatched":0,"updated":0},"startTime":1787167392781,"success":true,"testResults":[{"assertionResults":[{"ancestorTitles":["Basic UI Utils"],"duration":0,"failing":false,"failureDetails":[],"failureMessages":[],"fullName":"Basic UI Utils formats glucose correctly","invocations":1,"location":null,"numPassingAsserts":1,"retryReasons":[],"startAt":1787167392923,"status":"passed","title":"formats glucose correctly"},{"ancestorTitles":["Basic UI Utils"],"duration":0,"failing":false,"failureDetails":[],"failureMessages":[],"fullName":"Basic UI Utils calculates trend correctly","invocations":1,"location":null,"numPassingAsserts":1,"retryReasons":[],"startAt":1787167392924,"status":"passed","title":"calculates trend correctly"}],"endTime":1787167392924,"message":"","name":"/Users/niranjankarthick/Downloads/SugarScanAI-master/mobile/components/__tests__/AITwinOrb.test.tsx","startTime":1787167392825,"status":"passed","summary":""}],"wasInterrupted":false}
